29500
MASTER_ADDR MASTER_PORT WORLD_SIZE
10.31.146.142 29500 4
torchrun --nproc_per_node 2 --nnodes 2 --rdzv_id=12161065 --rdzv_backend=c10d --rdzv_endpoint 10.31.146.142:29500 ./ddp_imagenet.py --train_ds /n/holylfs06/LABS/kempner_shared/Lab/data/imagenet_1k/train --val_ds /n/holylfs06/LABS/kempner_shared/Lab/data/imagenet_1k/val --metrics_csv results.csv --sample_ratio 1.0 --batch_size 64 --num_epochs 10 --learning_rate 0.0005 --model_name resnet50 --mixed_precision auto --pin_memory False --tensorboard_csv ./tensorboard.csv --use_checkpoint --checkpoint_path best_model.pth --use_snapshot --snapshot_path snapshot.pth --use_wandb --wandb_mode offline --wandb_project opt-ml-ddp-imagenet
1: hostname=holygpu8a19606.rc.fas.harvard.edu, global rank=3, local_rank=1, world_size=4, device=cuda:1, gpu_name=NVIDIA A100-SXM4-40GB, capability=(8, 0)
1: hostname=holygpu8a19606.rc.fas.harvard.edu, global rank=2, local_rank=0, world_size=4, device=cuda:0, gpu_name=NVIDIA A100-SXM4-40GB, capability=(8, 0)
0: hostname=holygpu8a17102.rc.fas.harvard.edu, global rank=0, local_rank=0, world_size=4, device=cuda:0, gpu_name=NVIDIA H100 80GB HBM3, capability=(9, 0)
0: hostname=holygpu8a17102.rc.fas.harvard.edu, global rank=1, local_rank=1, world_size=4, device=cuda:1, gpu_name=NVIDIA H100 80GB HBM3, capability=(9, 0)
Execution time : 02:46:34
=============================
Job ID: 12161065
Cluster: odyssey
User/Group: bdesinghu/univ_rc
State: RUNNING
Nodes: 2
Cores per node: 16
CPU Utilized: 00:00:00
CPU Efficiency: 0.00% of 3-16:52:16 core-walltime
Job Wall-clock time: 02:46:38
Memory Utilized: 504.00 KB
Memory Efficiency: 0.00% of 256.00 GB (128.00 GB/node)
WARNING: Efficiency statistics can only be obtained after the job has ended as seff tool is based on the accounting database data.
=============================
JobID           JobName  Partition    Account  AllocCPUS      State ExitCode    Elapsed     MaxRSS  MaxVMSize 
------------ ---------- ---------- ---------- ---------- ---------- -------- ---------- ---------- ---------- 
12161065            img kempner_d+ kempner_d+         32    RUNNING      0:0   02:46:38                       
12161065.ba+      batch            kempner_d+         16    RUNNING      0:0   02:46:38                       
12161065.ex+     extern            kempner_d+         32    RUNNING      0:0   02:46:38                       
12161065.0     hostname            kempner_d+         16  COMPLETED      0:0   00:00:04       504K          0 
12161065.1     torchrun            kempner_d+         32    RUNNING      0:0   02:46:31                       
=============================
Job Completed
